# JRE version: OpenJDK Runtime Environment Microsoft-8035246 (17.0.8+7) (build 17.0.8+7-LTS)
# Java VM: OpenJDK 64-Bit Server VM Microsoft-8035246 (17.0.8+7-LTS, mixed mode, sharing, tiered, compressed oops, compressed class ptrs, g1 gc, windows-amd64)
GC Precious Log:
 CPUs: 4 total, 4 available
 Memory: 16382M
 Large Page Support: Disabled
 NUMA Support: Disabled
 Compressed Oops: Enabled (32-bit)
 Heap Region Size: 1M
 Heap Min Capacity: 8M
 Heap Initial Capacity: 256M
 Heap Max Capacity: 2G
 Pre-touch: Disabled
 Parallel Workers: 4
 Concurrent Workers: 1
 Concurrent Refinement Workers: 4
 Periodic GC: Disabled
Heap:
 garbage-first heap   total 242688K, used 155783K [0x0000000080000000, 0x0000000100000000)
  region size 1024K, 7 young (7168K), 5 survivors (5120K)
 Metaspace       used 102530K, committed 103488K, reserved 557056K
  class space    used 14278K, committed 14720K, reserved 425984K
GC Heap History (20 events):
Event: 30.630 GC heap before
{Heap before GC invocations=27 (full 0):
 garbage-first heap   total 172032K, used 142217K [0x0000000080000000, 0x0000000100000000)
  region size 1024K, 39 young (39936K), 7 survivors (7168K)
 Metaspace       used 92213K, committed 93056K, reserved 557056K
  class space    used 12920K, committed 13312K, reserved 425984K
}
Event: 30.641 GC heap after
{Heap after GC invocations=28 (full 0):
 garbage-first heap   total 172032K, used 114085K [0x0000000080000000, 0x0000000100000000)
  region size 1024K, 5 young (5120K), 5 survivors (5120K)
 Metaspace       used 92213K, committed 93056K, reserved 557056K
  class space    used 12920K, committed 13312K, reserved 425984K
}
Event: 31.693 GC heap before
{Heap before GC invocations=29 (full 0):
 garbage-first heap   total 201728K, used 141733K [0x0000000080000000, 0x0000000100000000)
  region size 1024K, 30 young (30720K), 5 survivors (5120K)
 Metaspace       used 92531K, committed 93376K, reserved 557056K
  class space    used 12973K, committed 13376K, reserved 425984K
}
Event: 31.704 GC heap after
{Heap after GC invocations=30 (full 0):
 garbage-first heap   total 201728K, used 124121K [0x0000000080000000, 0x0000000100000000)
  region size 1024K, 4 young (4096K), 4 survivors (4096K)
 Metaspace       used 92531K, committed 93376K, reserved 557056K
  class space    used 12973K, committed 13376K, reserved 425984K
}
Event: 31.914 GC heap before
{Heap before GC invocations=30 (full 0):
 garbage-first heap   total 201728K, used 129241K [0x0000000080000000, 0x0000000100000000)
  region size 1024K, 9 young (9216K), 4 survivors (4096K)
 Metaspace       used 92555K, committed 93440K, reserved 557056K
  class space    used 12973K, committed 13376K, reserved 425984K
}
Event: 31.919 GC heap after
{Heap after GC invocations=31 (full 0):
 garbage-first heap   total 201728K, used 125023K [0x0000000080000000, 0x0000000100000000)
  region size 1024K, 1 young (1024K), 1 survivors (1024K)
 Metaspace       used 92555K, committed 93440K, reserved 557056K
  class space    used 12973K, committed 13376K, reserved 425984K
}
Event: 32.749 GC heap before
{Heap before GC invocations=31 (full 0):
 garbage-first heap   total 201728K, used 160863K [0x0000000080000000, 0x0000000100000000)
  region size 1024K, 36 young (36864K), 1 survivors (1024K)
 Metaspace       used 93224K, committed 94016K, reserved 557056K
  class space    used 13053K, committed 13440K, reserved 425984K
}
Event: 32.759 GC heap after
{Heap after GC invocations=32 (full 0):
 garbage-first heap   total 201728K, used 134316K [0x0000000080000000, 0x0000000100000000)
  region size 1024K, 5 young (5120K), 5 survivors (5120K)
 Metaspace       used 93224K, committed 94016K, reserved 557056K
  class space    used 13053K, committed 13440K, reserved 425984K
}
Event: 33.254 GC heap before
{Heap before GC invocations=32 (full 0):
 garbage-first heap   total 201728K, used 162988K [0x0000000080000000, 0x0000000100000000)
  region size 1024K, 33 young (33792K), 5 survivors (5120K)
 Metaspace       used 95200K, committed 96064K, reserved 557056K
  class space    used 13334K, committed 13760K, reserved 425984K
}
Event: 33.263 GC heap after
{Heap after GC invocations=33 (full 0):
 garbage-first heap   total 201728K, used 136012K [0x0000000080000000, 0x0000000100000000)
  region size 1024K, 2 young (2048K), 2 survivors (2048K)
 Metaspace       used 95200K, committed 96064K, reserved 557056K
  class space    used 13334K, committed 13760K, reserved 425984K
}
Event: 33.902 GC heap before
{Heap before GC invocations=33 (full 0):
 garbage-first heap   total 201728K, used 165708K [0x0000000080000000, 0x0000000100000000)
  region size 1024K, 31 young (31744K), 2 survivors (2048K)
 Metaspace       used 98453K, committed 99392K, reserved 557056K
  class space    used 13781K, committed 14208K, reserved 425984K
}
Event: 33.908 GC heap after
{Heap after GC invocations=34 (full 0):
 garbage-first heap   total 201728K, used 137537K [0x0000000080000000, 0x0000000100000000)
  region size 1024K, 3 young (3072K), 3 survivors (3072K)
 Metaspace       used 98453K, committed 99392K, reserved 557056K
  class space    used 13781K, committed 14208K, reserved 425984K
}
Event: 34.458 GC heap before
{Heap before GC invocations=34 (full 0):
 garbage-first heap   total 201728K, used 167233K [0x0000000080000000, 0x0000000100000000)
  region size 1024K, 32 young (32768K), 3 survivors (3072K)
 Metaspace       used 99674K, committed 100608K, reserved 557056K
  class space    used 13940K, committed 14400K, reserved 425984K
}
Event: 34.470 GC heap after
{Heap after GC invocations=35 (full 0):
 garbage-first heap   total 201728K, used 140098K [0x0000000080000000, 0x0000000100000000)
  region size 1024K, 4 young (4096K), 4 survivors (4096K)
 Metaspace       used 99674K, committed 100608K, reserved 557056K
  class space    used 13940K, committed 14400K, reserved 425984K
}
Event: 34.823 GC heap before
{Heap before GC invocations=35 (full 0):
 garbage-first heap   total 201728K, used 169794K [0x0000000080000000, 0x0000000100000000)
  region size 1024K, 33 young (33792K), 4 survivors (4096K)
 Metaspace       used 100785K, committed 101696K, reserved 557056K
  class space    used 14077K, committed 14528K, reserved 425984K
}
Event: 34.836 GC heap after
{Heap after GC invocations=36 (full 0):
 garbage-first heap   total 201728K, used 143430K [0x0000000080000000, 0x0000000100000000)
  region size 1024K, 4 young (4096K), 4 survivors (4096K)
 Metaspace       used 100785K, committed 101696K, reserved 557056K
  class space    used 14077K, committed 14528K, reserved 425984K
}
Event: 35.222 GC heap before
{Heap before GC invocations=36 (full 0):
 garbage-first heap   total 201728K, used 170054K [0x0000000080000000, 0x0000000100000000)
  region size 1024K, 30 young (30720K), 4 survivors (4096K)
 Metaspace       used 101065K, committed 102016K, reserved 557056K
  class space    used 14092K, committed 14528K, reserved 425984K
}
Event: 35.232 GC heap after
{Heap after GC invocations=37 (full 0):
 garbage-first heap   total 242688K, used 145920K [0x0000000080000000, 0x0000000100000000)
  region size 1024K, 3 young (3072K), 3 survivors (3072K)
 Metaspace       used 101065K, committed 102016K, reserved 557056K
  class space    used 14092K, committed 14528K, reserved 425984K
}
Event: 36.012 GC heap before
{Heap before GC invocations=37 (full 0):
 garbage-first heap   total 242688K, used 200192K [0x0000000080000000, 0x0000000100000000)
  region size 1024K, 57 young (58368K), 3 survivors (3072K)
 Metaspace       used 102158K, committed 103104K, reserved 557056K
  class space    used 14226K, committed 14656K, reserved 425984K
}
Event: 36.023 GC heap after
{Heap after GC invocations=38 (full 0):
 garbage-first heap   total 242688K, used 150001K [0x0000000080000000, 0x0000000100000000)
  region size 1024K, 7 young (7168K), 7 survivors (7168K)
 Metaspace       used 102158K, committed 103104K, reserved 557056K
  class space    used 14226K, committed 14656K, reserved 425984K
}

